<?xml version="1.0" encoding="UTF-8"?>
<!-- Generated by org.testng.reporters.JUnitReportReporter -->
<testsuite hostname="MSI" failures="0" tests="15" name="testCases.TC02_Login" time="13.781" errors="0" timestamp="2025-05-20T10:17:30 PDT" skipped="0">
  <testcase classname="testCases.TC02_Login" name="testLogin" time="1.171"/>
  <testcase classname="testCases.TC02_Login" name="testLogin" time="1.131"/>
  <testcase classname="testCases.TC02_Login" name="testLogin" time="0.660"/>
  <testcase classname="testCases.TC02_Login" name="testLogin" time="0.536"/>
  <testcase classname="testCases.TC02_Login" name="testLogin" time="0.664"/>
  <testcase classname="testCases.TC02_Login" name="testLogin" time="0.787"/>
  <testcase classname="testCases.TC02_Login" name="testLogin" time="1.001"/>
  <testcase classname="testCases.TC02_Login" name="testLogin" time="0.526"/>
  <testcase classname="testCases.TC02_Login" name="testLogin" time="1.687"/>
  <testcase classname="testCases.TC02_Login" name="testLogin" time="0.991"/>
  <testcase classname="testCases.TC02_Login" name="testLogin" time="1.795"/>
  <testcase classname="testCases.TC02_Login" name="testLogin" time="0.599"/>
  <testcase classname="testCases.TC02_Login" name="testLogin" time="0.571"/>
  <testcase classname="testCases.TC02_Login" name="testLogin" time="0.619"/>
  <testcase classname="testCases.TC02_Login" name="testLogin" time="1.043"/>
</testsuite> <!-- testCases.TC02_Login -->
