<?xml version="1.0" encoding="UTF-8"?>
<!-- Generated by org.testng.reporters.JUnitReportReporter -->
<testsuite hostname="MSI" failures="0" tests="3" name="testCases.TC06_AddAffiliate" time="9.369" errors="0" timestamp="2025-05-20T10:17:30 PDT" skipped="0">
  <testcase classname="testCases.TC06_AddAffiliate" name="testAddAffiliate" time="2.473"/>
  <testcase classname="testCases.TC06_AddAffiliate" name="testAddAffiliate" time="2.730"/>
  <testcase classname="testCases.TC06_AddAffiliate" name="testAddAffiliate" time="4.166"/>
</testsuite> <!-- testCases.TC06_AddAffiliate -->
