<?xml version="1.0" encoding="UTF-8"?>
<!-- Generated by org.testng.reporters.JUnitReportReporter -->
<testsuite hostname="MSI" failures="0" tests="3" name="testCases.TC04_CompletePurchase" time="8.115" errors="0" timestamp="2025-05-20T10:17:30 PDT" skipped="0">
  <testcase classname="testCases.TC04_CompletePurchase" name="testAddToCart" time="2.774"/>
  <testcase classname="testCases.TC04_CompletePurchase" name="testAddToCart" time="2.610"/>
  <testcase classname="testCases.TC04_CompletePurchase" name="testAddToCart" time="2.731"/>
</testsuite> <!-- testCases.TC04_CompletePurchase -->
