<?xml version="1.0" encoding="UTF-8"?>
<!-- Generated by org.testng.reporters.JUnitReportReporter -->
<testsuite hostname="MSI" failures="0" tests="3" name="testCases.TC05_AddToWishlist" time="10.399" errors="0" timestamp="2025-05-20T10:17:30 PDT" skipped="0">
  <testcase classname="testCases.TC05_AddToWishlist" name="testAddToWishlist" time="3.374"/>
  <testcase classname="testCases.TC05_AddToWishlist" name="testAddToWishlist" time="3.415"/>
  <testcase classname="testCases.TC05_AddToWishlist" name="testAddToWishlist" time="3.610"/>
</testsuite> <!-- testCases.TC05_AddToWishlist -->
