<?xml version="1.0" encoding="UTF-8"?>
<!-- Generated by org.testng.reporters.JUnitReportReporter -->
<testsuite hostname="MSI" failures="0" tests="3" name="testCases.TC06_AddAffiliate" time="6.001" errors="0" timestamp="2025-05-21T19:56:35 PDT" skipped="0">
  <testcase classname="testCases.TC06_AddAffiliate" name="testAddAffiliate" time="1.952"/>
  <testcase classname="testCases.TC06_AddAffiliate" name="testAddAffiliate" time="1.679"/>
  <testcase classname="testCases.TC06_AddAffiliate" name="testAddAffiliate" time="2.370"/>
</testsuite> <!-- testCases.TC06_AddAffiliate -->
