<?xml version="1.0" encoding="UTF-8"?>
<!-- Generated by org.testng.reporters.JUnitReportReporter -->
<testsuite hostname="MSI" failures="0" tests="3" name="testCases.TC04_CompletePurchase" time="7.574" errors="0" timestamp="2025-05-21T19:56:35 PDT" skipped="0">
  <testcase classname="testCases.TC04_CompletePurchase" name="testAddToCart" time="2.829"/>
  <testcase classname="testCases.TC04_CompletePurchase" name="testAddToCart" time="2.237"/>
  <testcase classname="testCases.TC04_CompletePurchase" name="testAddToCart" time="2.508"/>
</testsuite> <!-- testCases.TC04_CompletePurchase -->
