<?xml version="1.0" encoding="UTF-8"?>
<!-- Generated by org.testng.reporters.JUnitReportReporter -->
<testsuite hostname="MSI" failures="0" tests="3" name="testCases.TC01_LaunchApplication" time="0.021" errors="0" timestamp="2025-05-21T19:56:35 PDT" skipped="0">
  <testcase classname="testCases.TC01_LaunchApplication" name="testLaunchApplication" time="0.007"/>
  <testcase classname="testCases.TC01_LaunchApplication" name="testLaunchApplication" time="0.007"/>
  <testcase classname="testCases.TC01_LaunchApplication" name="testLaunchApplication" time="0.007"/>
</testsuite> <!-- testCases.TC01_LaunchApplication -->
