<?xml version="1.0" encoding="UTF-8"?>
<!-- Generated by org.testng.reporters.JUnitReportReporter -->
<testsuite hostname="MSI" failures="0" tests="15" name="testCases.TC02_Login" time="11.970" errors="0" timestamp="2025-05-21T19:56:35 PDT" skipped="0">
  <testcase classname="testCases.TC02_Login" name="testLogin" time="0.539"/>
  <testcase classname="testCases.TC02_Login" name="testLogin" time="0.601"/>
  <testcase classname="testCases.TC02_Login" name="testLogin" time="0.518"/>
  <testcase classname="testCases.TC02_Login" name="testLogin" time="1.267"/>
  <testcase classname="testCases.TC02_Login" name="testLogin" time="0.810"/>
  <testcase classname="testCases.TC02_Login" name="testLogin" time="0.758"/>
  <testcase classname="testCases.TC02_Login" name="testLogin" time="0.821"/>
  <testcase classname="testCases.TC02_Login" name="testLogin" time="0.900"/>
  <testcase classname="testCases.TC02_Login" name="testLogin" time="0.861"/>
  <testcase classname="testCases.TC02_Login" name="testLogin" time="0.834"/>
  <testcase classname="testCases.TC02_Login" name="testLogin" time="1.253"/>
  <testcase classname="testCases.TC02_Login" name="testLogin" time="0.654"/>
  <testcase classname="testCases.TC02_Login" name="testLogin" time="0.816"/>
  <testcase classname="testCases.TC02_Login" name="testLogin" time="0.767"/>
  <testcase classname="testCases.TC02_Login" name="testLogin" time="0.571"/>
</testsuite> <!-- testCases.TC02_Login -->
